<?xml version="1.0" encoding="UTF-8"?>
<!-- Generated by org.testng.reporters.JUnitXMLReporter -->
<testsuite hostname="LHTU05CG63650JX" ignored="0" name="IMDB Tests" tests="8" failures="0" timestamp="15 Jul 2019 16:28:07 GMT" time="13.132" errors="0">
  <testcase name="@BeforeMethod beforeMethod" time="0.0" classname="Tests.BaseTest">
    <failure type="org.openqa.selenium.WebDriverException" message="chrome not reachable
  (Session info: chrome=75.0.3770.100)
  (Driver info: chromedriver=2.40.565498 (ea082db3280dd6843ebfb08a625e3eb905c4f5ab),platform=Windows NT 10.0.17134 x86_64) (WARNING: The server did not provide any stacktrace information)
Command duration or timeout: 2.22 seconds
Build info: version: &amp;apos;3.1.0&amp;apos;, revision: &amp;apos;b94c902&amp;apos;, time: &amp;apos;2017-02-16 12:21:31 -0800&amp;apos;
System info: host: &amp;apos;LHTU05CG63650JX&amp;apos;, ip: &amp;apos;10.195.230.57&amp;apos;, os.name: &amp;apos;Windows 10&amp;apos;, os.arch: &amp;apos;x86&amp;apos;, os.version: &amp;apos;10.0&amp;apos;, java.version: &amp;apos;1.8.0_102&amp;apos;
Driver info: org.openqa.selenium.chrome.ChromeDriver
Capabilities [{applicationCacheEnabled=false, rotatable=false, mobileEmulationEnabled=false, networkConnectionEnabled=false, chrome={chromedriverVersion=2.40.565498 (ea082db3280dd6843ebfb08a625e3eb905c4f5ab), userDataDir=C:\Users\mgupta62\AppData\Local\Temp\scoped_dir21464_26539}, takesHeapSnapshot=true, pageLoadStrategy=normal, databaseEnabled=false, handlesAlerts=true, hasTouchScreen=false, version=75.0.3770.100, platform=XP, browserConnectionEnabled=false, nativeEvents=true, acceptSslCerts=false, acceptInsecureCerts=false, locationContextEnabled=true, webStorageEnabled=true, browserName=chrome, takesScreenshot=true, javascriptEnabled=true, cssSelectorsEnabled=true, setWindowRect=true, unexpectedAlertBehaviour=}]
Session ID: 7fba8ca9720c92cb799ecb3008991aed
*** Element info: {Using=id, value=lister-sort-by-options}">
      <![CDATA[org.openqa.selenium.WebDriverException: chrome not reachable
  (Session info: chrome=75.0.3770.100)
  (Driver info: chromedriver=2.40.565498 (ea082db3280dd6843ebfb08a625e3eb905c4f5ab),platform=Windows NT 10.0.17134 x86_64) (WARNING: The server did not provide any stacktrace information)
Command duration or timeout: 2.22 seconds
Build info: version: '3.1.0', revision: 'b94c902', time: '2017-02-16 12:21:31 -0800'
System info: host: 'LHTU05CG63650JX', ip: '10.195.230.57', os.name: 'Windows 10', os.arch: 'x86', os.version: '10.0', java.version: '1.8.0_102'
Driver info: org.openqa.selenium.chrome.ChromeDriver
Capabilities [{applicationCacheEnabled=false, rotatable=false, mobileEmulationEnabled=false, networkConnectionEnabled=false, chrome={chromedriverVersion=2.40.565498 (ea082db3280dd6843ebfb08a625e3eb905c4f5ab), userDataDir=C:\Users\mgupta62\AppData\Local\Temp\scoped_dir21464_26539}, takesHeapSnapshot=true, pageLoadStrategy=normal, databaseEnabled=false, handlesAlerts=true, hasTouchScreen=false, version=75.0.3770.100, platform=XP, browserConnectionEnabled=false, nativeEvents=true, acceptSslCerts=false, acceptInsecureCerts=false, locationContextEnabled=true, webStorageEnabled=true, browserName=chrome, takesScreenshot=true, javascriptEnabled=true, cssSelectorsEnabled=true, setWindowRect=true, unexpectedAlertBehaviour=}]
Session ID: 7fba8ca9720c92cb799ecb3008991aed
*** Element info: {Using=id, value=lister-sort-by-options}
	at org.openqa.selenium.remote.ErrorHandler.createThrowable(ErrorHandler.java:216)
	at org.openqa.selenium.remote.ErrorHandler.throwIfResponseFailed(ErrorHandler.java:168)
	at org.openqa.selenium.remote.RemoteWebDriver.execute(RemoteWebDriver.java:635)
	at org.openqa.selenium.remote.RemoteWebDriver.findElement(RemoteWebDriver.java:368)
	at org.openqa.selenium.remote.RemoteWebDriver.findElementById(RemoteWebDriver.java:417)
	at org.openqa.selenium.By$ById.findElement(By.java:218)
	at org.openqa.selenium.remote.RemoteWebDriver.findElement(RemoteWebDriver.java:360)
	at org.openqa.selenium.support.pagefactory.DefaultElementLocator.findElement(DefaultElementLocator.java:69)
	at org.openqa.selenium.support.pagefactory.internal.LocatingElementHandler.invoke(LocatingElementHandler.java:38)
	at com.sun.proxy.$Proxy10.isDisplayed(Unknown Source)
	at PageObjects.TopRatedMoviesPage.isAt(TopRatedMoviesPage.java:42)
	at Tests.BaseTest.init(BaseTest.java:43)
	at Tests.BaseTest.beforeMethod(BaseTest.java:64)
... Removed 31 stack frames]]>
    </failure>
  </testcase> <!-- @BeforeMethod beforeMethod -->
  <testcase name="@AfterMethod afterMethod" time="0.0" classname="Tests.BaseTest">
    <skipped/>
  </testcase> <!-- @AfterMethod afterMethod -->
  <testcase name="@BeforeMethod beforeMethod" time="0.0" classname="Tests.BaseTest">
    <skipped/>
  </testcase> <!-- @BeforeMethod beforeMethod -->
  <testcase name="@AfterMethod afterMethod" time="0.0" classname="Tests.BaseTest">
    <skipped/>
  </testcase> <!-- @AfterMethod afterMethod -->
  <testcase name="@BeforeMethod beforeMethod" time="0.0" classname="Tests.BaseTest">
    <skipped/>
  </testcase> <!-- @BeforeMethod beforeMethod -->
  <testcase name="@AfterMethod afterMethod" time="0.0" classname="Tests.BaseTest">
    <skipped/>
  </testcase> <!-- @AfterMethod afterMethod -->
  <testcase name="@BeforeMethod beforeMethod" time="0.0" classname="Tests.BaseTest">
    <skipped/>
  </testcase> <!-- @BeforeMethod beforeMethod -->
  <testcase name="@AfterMethod afterMethod" time="0.0" classname="Tests.BaseTest">
    <skipped/>
  </testcase> <!-- @AfterMethod afterMethod -->
  <testcase name="@BeforeMethod beforeMethod" time="0.0" classname="Tests.BaseTest">
    <skipped/>
  </testcase> <!-- @BeforeMethod beforeMethod -->
  <testcase name="@AfterMethod afterMethod" time="0.0" classname="Tests.BaseTest">
    <skipped/>
  </testcase> <!-- @AfterMethod afterMethod -->
  <testcase name="@BeforeMethod beforeMethod" time="0.0" classname="Tests.BaseTest">
    <skipped/>
  </testcase> <!-- @BeforeMethod beforeMethod -->
  <testcase name="@AfterMethod afterMethod" time="0.0" classname="Tests.BaseTest">
    <skipped/>
  </testcase> <!-- @AfterMethod afterMethod -->
  <testcase name="@BeforeMethod beforeMethod" time="0.0" classname="Tests.BaseTest">
    <skipped/>
  </testcase> <!-- @BeforeMethod beforeMethod -->
  <testcase name="@AfterMethod afterMethod" time="0.0" classname="Tests.BaseTest">
    <skipped/>
  </testcase> <!-- @AfterMethod afterMethod -->
  <testcase name="@BeforeMethod beforeMethod" time="0.0" classname="Tests.BaseTest">
    <skipped/>
  </testcase> <!-- @BeforeMethod beforeMethod -->
  <testcase name="@AfterMethod afterMethod" time="0.0" classname="Tests.BaseTest">
    <skipped/>
  </testcase> <!-- @AfterMethod afterMethod -->
  <testcase name="Top_Rated_Movies_SortBy_Date_Asc" time="0.0" classname="Tests.Top_Rated_Movies_Sorting_Tests">
    <skipped/>
  </testcase> <!-- Top_Rated_Movies_SortBy_Date_Asc -->
  <testcase name="Top_Rated_Movies_SortBy_Date_Desc" time="0.0" classname="Tests.Top_Rated_Movies_Sorting_Tests">
    <skipped/>
  </testcase> <!-- Top_Rated_Movies_SortBy_Date_Desc -->
  <testcase name="Top_Rated_Movies_SortBy_Number_Of_Ratings_Asc" time="0.0" classname="Tests.Top_Rated_Movies_Sorting_Tests">
    <skipped/>
  </testcase> <!-- Top_Rated_Movies_SortBy_Number_Of_Ratings_Asc -->
  <testcase name="Top_Rated_Movies_SortBy_Number_Of_Ratings_Desc" time="0.0" classname="Tests.Top_Rated_Movies_Sorting_Tests">
    <skipped/>
  </testcase> <!-- Top_Rated_Movies_SortBy_Number_Of_Ratings_Desc -->
  <testcase name="Top_Rated_Movies_SortBy_Rank_Asc" time="0.0" classname="Tests.Top_Rated_Movies_Sorting_Tests">
    <skipped/>
  </testcase> <!-- Top_Rated_Movies_SortBy_Rank_Asc -->
  <testcase name="Top_Rated_Movies_SortBy_Rank_Desc" time="0.0" classname="Tests.Top_Rated_Movies_Sorting_Tests">
    <skipped/>
  </testcase> <!-- Top_Rated_Movies_SortBy_Rank_Desc -->
  <testcase name="Top_Rated_Movies_SortBy_Ratings_Asc" time="0.0" classname="Tests.Top_Rated_Movies_Sorting_Tests">
    <skipped/>
  </testcase> <!-- Top_Rated_Movies_SortBy_Ratings_Asc -->
  <testcase name="Top_Rated_Movies_SortBy_Ratings_Desc" time="0.0" classname="Tests.Top_Rated_Movies_Sorting_Tests">
    <skipped/>
  </testcase> <!-- Top_Rated_Movies_SortBy_Ratings_Desc -->
</testsuite> <!-- IMDB Tests -->
