<?xml version="1.0" encoding="UTF-8"?>
<testng-results skipped="0" failed="6" ignored="0" total="8" passed="2">
  <reporter-output>
  </reporter-output>
  <suite name="Suite" duration-ms="302530" started-at="2019-07-15T16:43:52Z" finished-at="2019-07-15T16:48:55Z">
    <groups>
    </groups>
    <test name="IMDB Tests" duration-ms="302530" started-at="2019-07-15T16:43:52Z" finished-at="2019-07-15T16:48:55Z">
      <class name="Tests.Top_Rated_Movies_Sorting_Tests">
        <test-method status="PASS" signature="beforeSuite()[pri:0, instance:Tests.Top_Rated_Movies_Sorting_Tests@1329eff]" name="beforeSuite" is-config="true" duration-ms="473" started-at="2019-07-15T22:13:52Z" finished-at="2019-07-15T22:13:52Z">
          <reporter-output>
          </reporter-output>
        </test-method> <!-- beforeSuite -->
        <test-method status="PASS" signature="beforeClass()[pri:0, instance:Tests.Top_Rated_Movies_Sorting_Tests@1329eff]" name="beforeClass" is-config="true" duration-ms="0" started-at="2019-07-15T22:13:52Z" finished-at="2019-07-15T22:13:52Z">
          <reporter-output>
          </reporter-output>
        </test-method> <!-- beforeClass -->
        <test-method status="PASS" signature="beforeMethod(java.lang.reflect.Method)[pri:0, instance:Tests.Top_Rated_Movies_Sorting_Tests@1329eff]" name="beforeMethod" is-config="true" duration-ms="45269" started-at="2019-07-15T22:13:52Z" finished-at="2019-07-15T22:14:38Z">
          <params>
            <param index="0">
              <value>
                <![CDATA[public void Tests.Top_Rated_Movies_Sorting_Tests.Top_Rated_Movies_SortBy_Date_Asc()]]>
              </value>
            </param>
          </params>
          <reporter-output>
          </reporter-output>
        </test-method> <!-- beforeMethod -->
        <test-method status="FAIL" signature="Top_Rated_Movies_SortBy_Date_Asc()[pri:0, instance:Tests.Top_Rated_Movies_Sorting_Tests@1329eff]" name="Top_Rated_Movies_SortBy_Date_Asc" duration-ms="33534" started-at="2019-07-15T22:14:38Z" description="Top Rated Movies Sort By Release Date Asc order" finished-at="2019-07-15T22:15:11Z">
          <exception class="java.lang.AssertionError">
            <message>
              <![CDATA[<b>After sorting data not as expected</b> expected [true] but found [false]]]>
            </message>
            <full-stacktrace>
              <![CDATA[java.lang.AssertionError: <b>After sorting data not as expected</b> expected [true] but found [false]
	at org.testng.Assert.fail(Assert.java:94)
	at org.testng.Assert.failNotEquals(Assert.java:513)
	at org.testng.Assert.assertTrue(Assert.java:42)
	at Utility.ListsMethods.AssertionsForListsComparison(ListsMethods.java:213)
	at Tests.Top_Rated_Movies_Sorting_Tests.Top_Rated_Movies_SortBy_Date_Asc(Top_Rated_Movies_Sorting_Tests.java:65)
	at sun.reflect.NativeMethodAccessorImpl.invoke0(Native Method)
	at sun.reflect.NativeMethodAccessorImpl.invoke(NativeMethodAccessorImpl.java:62)
	at sun.reflect.DelegatingMethodAccessorImpl.invoke(DelegatingMethodAccessorImpl.java:43)
	at java.lang.reflect.Method.invoke(Method.java:498)
	at org.testng.internal.MethodInvocationHelper.invokeMethod(MethodInvocationHelper.java:104)
	at org.testng.internal.Invoker.invokeMethod(Invoker.java:645)
	at org.testng.internal.Invoker.invokeTestMethod(Invoker.java:851)
	at org.testng.internal.Invoker.invokeTestMethods(Invoker.java:1177)
	at org.testng.internal.TestMethodWorker.invokeTestMethods(TestMethodWorker.java:129)
	at org.testng.internal.TestMethodWorker.run(TestMethodWorker.java:112)
	at org.testng.TestRunner.privateRun(TestRunner.java:756)
	at org.testng.TestRunner.run(TestRunner.java:610)
	at org.testng.SuiteRunner.runTest(SuiteRunner.java:387)
	at org.testng.SuiteRunner.runSequentially(SuiteRunner.java:382)
	at org.testng.SuiteRunner.privateRun(SuiteRunner.java:340)
	at org.testng.SuiteRunner.run(SuiteRunner.java:289)
	at org.testng.SuiteRunnerWorker.runSuite(SuiteRunnerWorker.java:52)
	at org.testng.SuiteRunnerWorker.run(SuiteRunnerWorker.java:86)
	at org.testng.TestNG.runSuitesSequentially(TestNG.java:1293)
	at org.testng.TestNG.runSuitesLocally(TestNG.java:1218)
	at org.testng.TestNG.runSuites(TestNG.java:1133)
	at org.testng.TestNG.run(TestNG.java:1104)
	at org.apache.maven.surefire.testng.TestNGExecutor.run(TestNGExecutor.java:282)
	at org.apache.maven.surefire.testng.TestNGXmlTestSuite.execute(TestNGXmlTestSuite.java:83)
	at org.apache.maven.surefire.testng.TestNGProvider.invoke(TestNGProvider.java:114)
	at org.apache.maven.surefire.booter.ForkedBooter.invokeProviderInSameClassLoader(ForkedBooter.java:286)
	at org.apache.maven.surefire.booter.ForkedBooter.runSuitesInProcess(ForkedBooter.java:240)
	at org.apache.maven.surefire.booter.ForkedBooter.main(ForkedBooter.java:121)
]]>
            </full-stacktrace>
          </exception> <!-- java.lang.AssertionError -->
          <reporter-output>
          </reporter-output>
        </test-method> <!-- Top_Rated_Movies_SortBy_Date_Asc -->
        <test-method status="PASS" signature="afterMethod(org.testng.ITestResult)[pri:0, instance:Tests.Top_Rated_Movies_Sorting_Tests@1329eff]" name="afterMethod" is-config="true" duration-ms="308" started-at="2019-07-15T22:15:11Z" finished-at="2019-07-15T22:15:11Z">
          <params>
            <param index="0">
              <value>
                <![CDATA[[TestResult name=Top_Rated_Movies_SortBy_Date_Asc status=FAILURE method=Top_Rated_Movies_Sorting_Tests.Top_Rated_Movies_SortBy_Date_Asc()[pri:0, instance:Tests.Top_Rated_Movies_Sorting_Tests@1329eff] output={null}]]]>
              </value>
            </param>
          </params>
          <reporter-output>
          </reporter-output>
        </test-method> <!-- afterMethod -->
        <test-method status="FAIL" signature="Top_Rated_Movies_SortBy_Date_Desc()[pri:0, instance:Tests.Top_Rated_Movies_Sorting_Tests@1329eff]" name="Top_Rated_Movies_SortBy_Date_Desc" duration-ms="31680" started-at="2019-07-15T22:15:11Z" description="Top Rated Movies Sort By Release Date Desc order" finished-at="2019-07-15T22:15:43Z">
          <exception class="java.lang.AssertionError">
            <message>
              <![CDATA[<b>After sorting data not as expected</b> expected [true] but found [false]]]>
            </message>
            <full-stacktrace>
              <![CDATA[java.lang.AssertionError: <b>After sorting data not as expected</b> expected [true] but found [false]
	at org.testng.Assert.fail(Assert.java:94)
	at org.testng.Assert.failNotEquals(Assert.java:513)
	at org.testng.Assert.assertTrue(Assert.java:42)
	at Utility.ListsMethods.AssertionsForListsComparison(ListsMethods.java:213)
	at Tests.Top_Rated_Movies_Sorting_Tests.Top_Rated_Movies_SortBy_Date_Desc(Top_Rated_Movies_Sorting_Tests.java:73)
	at sun.reflect.NativeMethodAccessorImpl.invoke0(Native Method)
	at sun.reflect.NativeMethodAccessorImpl.invoke(NativeMethodAccessorImpl.java:62)
	at sun.reflect.DelegatingMethodAccessorImpl.invoke(DelegatingMethodAccessorImpl.java:43)
	at java.lang.reflect.Method.invoke(Method.java:498)
	at org.testng.internal.MethodInvocationHelper.invokeMethod(MethodInvocationHelper.java:104)
	at org.testng.internal.Invoker.invokeMethod(Invoker.java:645)
	at org.testng.internal.Invoker.invokeTestMethod(Invoker.java:851)
	at org.testng.internal.Invoker.invokeTestMethods(Invoker.java:1177)
	at org.testng.internal.TestMethodWorker.invokeTestMethods(TestMethodWorker.java:129)
	at org.testng.internal.TestMethodWorker.run(TestMethodWorker.java:112)
	at org.testng.TestRunner.privateRun(TestRunner.java:756)
	at org.testng.TestRunner.run(TestRunner.java:610)
	at org.testng.SuiteRunner.runTest(SuiteRunner.java:387)
	at org.testng.SuiteRunner.runSequentially(SuiteRunner.java:382)
	at org.testng.SuiteRunner.privateRun(SuiteRunner.java:340)
	at org.testng.SuiteRunner.run(SuiteRunner.java:289)
	at org.testng.SuiteRunnerWorker.runSuite(SuiteRunnerWorker.java:52)
	at org.testng.SuiteRunnerWorker.run(SuiteRunnerWorker.java:86)
	at org.testng.TestNG.runSuitesSequentially(TestNG.java:1293)
	at org.testng.TestNG.runSuitesLocally(TestNG.java:1218)
	at org.testng.TestNG.runSuites(TestNG.java:1133)
	at org.testng.TestNG.run(TestNG.java:1104)
	at org.apache.maven.surefire.testng.TestNGExecutor.run(TestNGExecutor.java:282)
	at org.apache.maven.surefire.testng.TestNGXmlTestSuite.execute(TestNGXmlTestSuite.java:83)
	at org.apache.maven.surefire.testng.TestNGProvider.invoke(TestNGProvider.java:114)
	at org.apache.maven.surefire.booter.ForkedBooter.invokeProviderInSameClassLoader(ForkedBooter.java:286)
	at org.apache.maven.surefire.booter.ForkedBooter.runSuitesInProcess(ForkedBooter.java:240)
	at org.apache.maven.surefire.booter.ForkedBooter.main(ForkedBooter.java:121)
]]>
            </full-stacktrace>
          </exception> <!-- java.lang.AssertionError -->
          <reporter-output>
          </reporter-output>
        </test-method> <!-- Top_Rated_Movies_SortBy_Date_Desc -->
        <test-method status="PASS" signature="beforeMethod(java.lang.reflect.Method)[pri:0, instance:Tests.Top_Rated_Movies_Sorting_Tests@1329eff]" name="beforeMethod" is-config="true" duration-ms="0" started-at="2019-07-15T22:15:11Z" finished-at="2019-07-15T22:15:11Z">
          <params>
            <param index="0">
              <value>
                <![CDATA[public void Tests.Top_Rated_Movies_Sorting_Tests.Top_Rated_Movies_SortBy_Date_Desc()]]>
              </value>
            </param>
          </params>
          <reporter-output>
          </reporter-output>
        </test-method> <!-- beforeMethod -->
        <test-method status="PASS" signature="afterMethod(org.testng.ITestResult)[pri:0, instance:Tests.Top_Rated_Movies_Sorting_Tests@1329eff]" name="afterMethod" is-config="true" duration-ms="63" started-at="2019-07-15T22:15:43Z" finished-at="2019-07-15T22:15:43Z">
          <params>
            <param index="0">
              <value>
                <![CDATA[[TestResult name=Top_Rated_Movies_SortBy_Date_Desc status=FAILURE method=Top_Rated_Movies_Sorting_Tests.Top_Rated_Movies_SortBy_Date_Desc()[pri:0, instance:Tests.Top_Rated_Movies_Sorting_Tests@1329eff] output={null}]]]>
              </value>
            </param>
          </params>
          <reporter-output>
          </reporter-output>
        </test-method> <!-- afterMethod -->
        <test-method status="FAIL" signature="Top_Rated_Movies_SortBy_Number_Of_Ratings_Asc()[pri:0, instance:Tests.Top_Rated_Movies_Sorting_Tests@1329eff]" name="Top_Rated_Movies_SortBy_Number_Of_Ratings_Asc" duration-ms="31707" started-at="2019-07-15T22:15:43Z" description="Top Rated Movies Sort By Number Of Ratings Asc order" finished-at="2019-07-15T22:16:15Z">
          <exception class="java.lang.AssertionError">
            <message>
              <![CDATA[<b>After sorting data not as expected</b> expected [true] but found [false]]]>
            </message>
            <full-stacktrace>
              <![CDATA[java.lang.AssertionError: <b>After sorting data not as expected</b> expected [true] but found [false]
	at org.testng.Assert.fail(Assert.java:94)
	at org.testng.Assert.failNotEquals(Assert.java:513)
	at org.testng.Assert.assertTrue(Assert.java:42)
	at Utility.ListsMethods.AssertionsForListsComparison(ListsMethods.java:213)
	at Tests.Top_Rated_Movies_Sorting_Tests.Top_Rated_Movies_SortBy_Number_Of_Ratings_Asc(Top_Rated_Movies_Sorting_Tests.java:31)
	at sun.reflect.NativeMethodAccessorImpl.invoke0(Native Method)
	at sun.reflect.NativeMethodAccessorImpl.invoke(NativeMethodAccessorImpl.java:62)
	at sun.reflect.DelegatingMethodAccessorImpl.invoke(DelegatingMethodAccessorImpl.java:43)
	at java.lang.reflect.Method.invoke(Method.java:498)
	at org.testng.internal.MethodInvocationHelper.invokeMethod(MethodInvocationHelper.java:104)
	at org.testng.internal.Invoker.invokeMethod(Invoker.java:645)
	at org.testng.internal.Invoker.invokeTestMethod(Invoker.java:851)
	at org.testng.internal.Invoker.invokeTestMethods(Invoker.java:1177)
	at org.testng.internal.TestMethodWorker.invokeTestMethods(TestMethodWorker.java:129)
	at org.testng.internal.TestMethodWorker.run(TestMethodWorker.java:112)
	at org.testng.TestRunner.privateRun(TestRunner.java:756)
	at org.testng.TestRunner.run(TestRunner.java:610)
	at org.testng.SuiteRunner.runTest(SuiteRunner.java:387)
	at org.testng.SuiteRunner.runSequentially(SuiteRunner.java:382)
	at org.testng.SuiteRunner.privateRun(SuiteRunner.java:340)
	at org.testng.SuiteRunner.run(SuiteRunner.java:289)
	at org.testng.SuiteRunnerWorker.runSuite(SuiteRunnerWorker.java:52)
	at org.testng.SuiteRunnerWorker.run(SuiteRunnerWorker.java:86)
	at org.testng.TestNG.runSuitesSequentially(TestNG.java:1293)
	at org.testng.TestNG.runSuitesLocally(TestNG.java:1218)
	at org.testng.TestNG.runSuites(TestNG.java:1133)
	at org.testng.TestNG.run(TestNG.java:1104)
	at org.apache.maven.surefire.testng.TestNGExecutor.run(TestNGExecutor.java:282)
	at org.apache.maven.surefire.testng.TestNGXmlTestSuite.execute(TestNGXmlTestSuite.java:83)
	at org.apache.maven.surefire.testng.TestNGProvider.invoke(TestNGProvider.java:114)
	at org.apache.maven.surefire.booter.ForkedBooter.invokeProviderInSameClassLoader(ForkedBooter.java:286)
	at org.apache.maven.surefire.booter.ForkedBooter.runSuitesInProcess(ForkedBooter.java:240)
	at org.apache.maven.surefire.booter.ForkedBooter.main(ForkedBooter.java:121)
]]>
            </full-stacktrace>
          </exception> <!-- java.lang.AssertionError -->
          <reporter-output>
          </reporter-output>
        </test-method> <!-- Top_Rated_Movies_SortBy_Number_Of_Ratings_Asc -->
        <test-method status="PASS" signature="beforeMethod(java.lang.reflect.Method)[pri:0, instance:Tests.Top_Rated_Movies_Sorting_Tests@1329eff]" name="beforeMethod" is-config="true" duration-ms="0" started-at="2019-07-15T22:15:43Z" finished-at="2019-07-15T22:15:43Z">
          <params>
            <param index="0">
              <value>
                <![CDATA[public void Tests.Top_Rated_Movies_Sorting_Tests.Top_Rated_Movies_SortBy_Number_Of_Ratings_Asc()]]>
              </value>
            </param>
          </params>
          <reporter-output>
          </reporter-output>
        </test-method> <!-- beforeMethod -->
        <test-method status="PASS" signature="afterMethod(org.testng.ITestResult)[pri:0, instance:Tests.Top_Rated_Movies_Sorting_Tests@1329eff]" name="afterMethod" is-config="true" duration-ms="86" started-at="2019-07-15T22:16:15Z" finished-at="2019-07-15T22:16:15Z">
          <params>
            <param index="0">
              <value>
                <![CDATA[[TestResult name=Top_Rated_Movies_SortBy_Number_Of_Ratings_Asc status=FAILURE method=Top_Rated_Movies_Sorting_Tests.Top_Rated_Movies_SortBy_Number_Of_Ratings_Asc()[pri:0, instance:Tests.Top_Rated_Movies_Sorting_Tests@1329eff] output={null}]]]>
              </value>
            </param>
          </params>
          <reporter-output>
          </reporter-output>
        </test-method> <!-- afterMethod -->
        <test-method status="PASS" signature="beforeMethod(java.lang.reflect.Method)[pri:0, instance:Tests.Top_Rated_Movies_Sorting_Tests@1329eff]" name="beforeMethod" is-config="true" duration-ms="0" started-at="2019-07-15T22:16:15Z" finished-at="2019-07-15T22:16:15Z">
          <params>
            <param index="0">
              <value>
                <![CDATA[public void Tests.Top_Rated_Movies_Sorting_Tests.Top_Rated_Movies_SortBy_Number_Of_Ratings_Desc()]]>
              </value>
            </param>
          </params>
          <reporter-output>
          </reporter-output>
        </test-method> <!-- beforeMethod -->
        <test-method status="FAIL" signature="Top_Rated_Movies_SortBy_Number_Of_Ratings_Desc()[pri:0, instance:Tests.Top_Rated_Movies_Sorting_Tests@1329eff]" name="Top_Rated_Movies_SortBy_Number_Of_Ratings_Desc" duration-ms="31527" started-at="2019-07-15T22:16:15Z" description="Top Rated Movies Sort By Number Of Ratings Desc order" finished-at="2019-07-15T22:16:47Z">
          <exception class="java.lang.AssertionError">
            <message>
              <![CDATA[<b>After sorting data not as expected</b> expected [true] but found [false]]]>
            </message>
            <full-stacktrace>
              <![CDATA[java.lang.AssertionError: <b>After sorting data not as expected</b> expected [true] but found [false]
	at org.testng.Assert.fail(Assert.java:94)
	at org.testng.Assert.failNotEquals(Assert.java:513)
	at org.testng.Assert.assertTrue(Assert.java:42)
	at Utility.ListsMethods.AssertionsForListsComparison(ListsMethods.java:213)
	at Tests.Top_Rated_Movies_Sorting_Tests.Top_Rated_Movies_SortBy_Number_Of_Ratings_Desc(Top_Rated_Movies_Sorting_Tests.java:41)
	at sun.reflect.NativeMethodAccessorImpl.invoke0(Native Method)
	at sun.reflect.NativeMethodAccessorImpl.invoke(NativeMethodAccessorImpl.java:62)
	at sun.reflect.DelegatingMethodAccessorImpl.invoke(DelegatingMethodAccessorImpl.java:43)
	at java.lang.reflect.Method.invoke(Method.java:498)
	at org.testng.internal.MethodInvocationHelper.invokeMethod(MethodInvocationHelper.java:104)
	at org.testng.internal.Invoker.invokeMethod(Invoker.java:645)
	at org.testng.internal.Invoker.invokeTestMethod(Invoker.java:851)
	at org.testng.internal.Invoker.invokeTestMethods(Invoker.java:1177)
	at org.testng.internal.TestMethodWorker.invokeTestMethods(TestMethodWorker.java:129)
	at org.testng.internal.TestMethodWorker.run(TestMethodWorker.java:112)
	at org.testng.TestRunner.privateRun(TestRunner.java:756)
	at org.testng.TestRunner.run(TestRunner.java:610)
	at org.testng.SuiteRunner.runTest(SuiteRunner.java:387)
	at org.testng.SuiteRunner.runSequentially(SuiteRunner.java:382)
	at org.testng.SuiteRunner.privateRun(SuiteRunner.java:340)
	at org.testng.SuiteRunner.run(SuiteRunner.java:289)
	at org.testng.SuiteRunnerWorker.runSuite(SuiteRunnerWorker.java:52)
	at org.testng.SuiteRunnerWorker.run(SuiteRunnerWorker.java:86)
	at org.testng.TestNG.runSuitesSequentially(TestNG.java:1293)
	at org.testng.TestNG.runSuitesLocally(TestNG.java:1218)
	at org.testng.TestNG.runSuites(TestNG.java:1133)
	at org.testng.TestNG.run(TestNG.java:1104)
	at org.apache.maven.surefire.testng.TestNGExecutor.run(TestNGExecutor.java:282)
	at org.apache.maven.surefire.testng.TestNGXmlTestSuite.execute(TestNGXmlTestSuite.java:83)
	at org.apache.maven.surefire.testng.TestNGProvider.invoke(TestNGProvider.java:114)
	at org.apache.maven.surefire.booter.ForkedBooter.invokeProviderInSameClassLoader(ForkedBooter.java:286)
	at org.apache.maven.surefire.booter.ForkedBooter.runSuitesInProcess(ForkedBooter.java:240)
	at org.apache.maven.surefire.booter.ForkedBooter.main(ForkedBooter.java:121)
]]>
            </full-stacktrace>
          </exception> <!-- java.lang.AssertionError -->
          <reporter-output>
          </reporter-output>
        </test-method> <!-- Top_Rated_Movies_SortBy_Number_Of_Ratings_Desc -->
        <test-method status="PASS" signature="afterMethod(org.testng.ITestResult)[pri:0, instance:Tests.Top_Rated_Movies_Sorting_Tests@1329eff]" name="afterMethod" is-config="true" duration-ms="63" started-at="2019-07-15T22:16:47Z" finished-at="2019-07-15T22:16:47Z">
          <params>
            <param index="0">
              <value>
                <![CDATA[[TestResult name=Top_Rated_Movies_SortBy_Number_Of_Ratings_Desc status=FAILURE method=Top_Rated_Movies_Sorting_Tests.Top_Rated_Movies_SortBy_Number_Of_Ratings_Desc()[pri:0, instance:Tests.Top_Rated_Movies_Sorting_Tests@1329eff] output={null}]]]>
              </value>
            </param>
          </params>
          <reporter-output>
          </reporter-output>
        </test-method> <!-- afterMethod -->
        <test-method status="PASS" signature="beforeMethod(java.lang.reflect.Method)[pri:0, instance:Tests.Top_Rated_Movies_Sorting_Tests@1329eff]" name="beforeMethod" is-config="true" duration-ms="0" started-at="2019-07-15T22:16:47Z" finished-at="2019-07-15T22:16:47Z">
          <params>
            <param index="0">
              <value>
                <![CDATA[public void Tests.Top_Rated_Movies_Sorting_Tests.Top_Rated_Movies_SortBy_Rank_Asc()]]>
              </value>
            </param>
          </params>
          <reporter-output>
          </reporter-output>
        </test-method> <!-- beforeMethod -->
        <test-method status="PASS" signature="Top_Rated_Movies_SortBy_Rank_Asc()[pri:0, instance:Tests.Top_Rated_Movies_Sorting_Tests@1329eff]" name="Top_Rated_Movies_SortBy_Rank_Asc" duration-ms="32026" started-at="2019-07-15T22:16:47Z" description="Top Rated Movies Sort By Movie Rank Asc order" finished-at="2019-07-15T22:17:19Z">
          <reporter-output>
          </reporter-output>
        </test-method> <!-- Top_Rated_Movies_SortBy_Rank_Asc -->
        <test-method status="PASS" signature="afterMethod(org.testng.ITestResult)[pri:0, instance:Tests.Top_Rated_Movies_Sorting_Tests@1329eff]" name="afterMethod" is-config="true" duration-ms="59" started-at="2019-07-15T22:17:19Z" finished-at="2019-07-15T22:17:19Z">
          <params>
            <param index="0">
              <value>
                <![CDATA[[TestResult name=Top_Rated_Movies_SortBy_Rank_Asc status=SUCCESS method=Top_Rated_Movies_Sorting_Tests.Top_Rated_Movies_SortBy_Rank_Asc()[pri:0, instance:Tests.Top_Rated_Movies_Sorting_Tests@1329eff] output={null}]]]>
              </value>
            </param>
          </params>
          <reporter-output>
          </reporter-output>
        </test-method> <!-- afterMethod -->
        <test-method status="PASS" signature="beforeMethod(java.lang.reflect.Method)[pri:0, instance:Tests.Top_Rated_Movies_Sorting_Tests@1329eff]" name="beforeMethod" is-config="true" duration-ms="1" started-at="2019-07-15T22:17:19Z" finished-at="2019-07-15T22:17:19Z">
          <params>
            <param index="0">
              <value>
                <![CDATA[public void Tests.Top_Rated_Movies_Sorting_Tests.Top_Rated_Movies_SortBy_Rank_Desc()]]>
              </value>
            </param>
          </params>
          <reporter-output>
          </reporter-output>
        </test-method> <!-- beforeMethod -->
        <test-method status="PASS" signature="Top_Rated_Movies_SortBy_Rank_Desc()[pri:0, instance:Tests.Top_Rated_Movies_Sorting_Tests@1329eff]" name="Top_Rated_Movies_SortBy_Rank_Desc" duration-ms="31299" started-at="2019-07-15T22:17:19Z" description="Top Rated Movies Sort By Movie Rank Desc order" finished-at="2019-07-15T22:17:50Z">
          <reporter-output>
          </reporter-output>
        </test-method> <!-- Top_Rated_Movies_SortBy_Rank_Desc -->
        <test-method status="PASS" signature="afterMethod(org.testng.ITestResult)[pri:0, instance:Tests.Top_Rated_Movies_Sorting_Tests@1329eff]" name="afterMethod" is-config="true" duration-ms="108" started-at="2019-07-15T22:17:50Z" finished-at="2019-07-15T22:17:50Z">
          <params>
            <param index="0">
              <value>
                <![CDATA[[TestResult name=Top_Rated_Movies_SortBy_Rank_Desc status=SUCCESS method=Top_Rated_Movies_Sorting_Tests.Top_Rated_Movies_SortBy_Rank_Desc()[pri:0, instance:Tests.Top_Rated_Movies_Sorting_Tests@1329eff] output={null}]]]>
              </value>
            </param>
          </params>
          <reporter-output>
          </reporter-output>
        </test-method> <!-- afterMethod -->
        <test-method status="FAIL" signature="Top_Rated_Movies_SortBy_Ratings_Asc()[pri:0, instance:Tests.Top_Rated_Movies_Sorting_Tests@1329eff]" name="Top_Rated_Movies_SortBy_Ratings_Asc" duration-ms="32288" started-at="2019-07-15T22:17:50Z" description="Top Rated Movies Sort By Ratings Asc order" finished-at="2019-07-15T22:18:22Z">
          <exception class="java.lang.AssertionError">
            <message>
              <![CDATA[<b>After sorting data not as expected</b> expected [true] but found [false]]]>
            </message>
            <full-stacktrace>
              <![CDATA[java.lang.AssertionError: <b>After sorting data not as expected</b> expected [true] but found [false]
	at org.testng.Assert.fail(Assert.java:94)
	at org.testng.Assert.failNotEquals(Assert.java:513)
	at org.testng.Assert.assertTrue(Assert.java:42)
	at Utility.ListsMethods.AssertionsForListsComparison(ListsMethods.java:213)
	at Tests.Top_Rated_Movies_Sorting_Tests.Top_Rated_Movies_SortBy_Ratings_Asc(Top_Rated_Movies_Sorting_Tests.java:49)
	at sun.reflect.NativeMethodAccessorImpl.invoke0(Native Method)
	at sun.reflect.NativeMethodAccessorImpl.invoke(NativeMethodAccessorImpl.java:62)
	at sun.reflect.DelegatingMethodAccessorImpl.invoke(DelegatingMethodAccessorImpl.java:43)
	at java.lang.reflect.Method.invoke(Method.java:498)
	at org.testng.internal.MethodInvocationHelper.invokeMethod(MethodInvocationHelper.java:104)
	at org.testng.internal.Invoker.invokeMethod(Invoker.java:645)
	at org.testng.internal.Invoker.invokeTestMethod(Invoker.java:851)
	at org.testng.internal.Invoker.invokeTestMethods(Invoker.java:1177)
	at org.testng.internal.TestMethodWorker.invokeTestMethods(TestMethodWorker.java:129)
	at org.testng.internal.TestMethodWorker.run(TestMethodWorker.java:112)
	at org.testng.TestRunner.privateRun(TestRunner.java:756)
	at org.testng.TestRunner.run(TestRunner.java:610)
	at org.testng.SuiteRunner.runTest(SuiteRunner.java:387)
	at org.testng.SuiteRunner.runSequentially(SuiteRunner.java:382)
	at org.testng.SuiteRunner.privateRun(SuiteRunner.java:340)
	at org.testng.SuiteRunner.run(SuiteRunner.java:289)
	at org.testng.SuiteRunnerWorker.runSuite(SuiteRunnerWorker.java:52)
	at org.testng.SuiteRunnerWorker.run(SuiteRunnerWorker.java:86)
	at org.testng.TestNG.runSuitesSequentially(TestNG.java:1293)
	at org.testng.TestNG.runSuitesLocally(TestNG.java:1218)
	at org.testng.TestNG.runSuites(TestNG.java:1133)
	at org.testng.TestNG.run(TestNG.java:1104)
	at org.apache.maven.surefire.testng.TestNGExecutor.run(TestNGExecutor.java:282)
	at org.apache.maven.surefire.testng.TestNGXmlTestSuite.execute(TestNGXmlTestSuite.java:83)
	at org.apache.maven.surefire.testng.TestNGProvider.invoke(TestNGProvider.java:114)
	at org.apache.maven.surefire.booter.ForkedBooter.invokeProviderInSameClassLoader(ForkedBooter.java:286)
	at org.apache.maven.surefire.booter.ForkedBooter.runSuitesInProcess(ForkedBooter.java:240)
	at org.apache.maven.surefire.booter.ForkedBooter.main(ForkedBooter.java:121)
]]>
            </full-stacktrace>
          </exception> <!-- java.lang.AssertionError -->
          <reporter-output>
          </reporter-output>
        </test-method> <!-- Top_Rated_Movies_SortBy_Ratings_Asc -->
        <test-method status="PASS" signature="beforeMethod(java.lang.reflect.Method)[pri:0, instance:Tests.Top_Rated_Movies_Sorting_Tests@1329eff]" name="beforeMethod" is-config="true" duration-ms="0" started-at="2019-07-15T22:17:50Z" finished-at="2019-07-15T22:17:50Z">
          <params>
            <param index="0">
              <value>
                <![CDATA[public void Tests.Top_Rated_Movies_Sorting_Tests.Top_Rated_Movies_SortBy_Ratings_Asc()]]>
              </value>
            </param>
          </params>
          <reporter-output>
          </reporter-output>
        </test-method> <!-- beforeMethod -->
        <test-method status="PASS" signature="afterMethod(org.testng.ITestResult)[pri:0, instance:Tests.Top_Rated_Movies_Sorting_Tests@1329eff]" name="afterMethod" is-config="true" duration-ms="78" started-at="2019-07-15T22:18:22Z" finished-at="2019-07-15T22:18:22Z">
          <params>
            <param index="0">
              <value>
                <![CDATA[[TestResult name=Top_Rated_Movies_SortBy_Ratings_Asc status=FAILURE method=Top_Rated_Movies_Sorting_Tests.Top_Rated_Movies_SortBy_Ratings_Asc()[pri:0, instance:Tests.Top_Rated_Movies_Sorting_Tests@1329eff] output={null}]]]>
              </value>
            </param>
          </params>
          <reporter-output>
          </reporter-output>
        </test-method> <!-- afterMethod -->
        <test-method status="FAIL" signature="Top_Rated_Movies_SortBy_Ratings_Desc()[pri:0, instance:Tests.Top_Rated_Movies_Sorting_Tests@1329eff]" name="Top_Rated_Movies_SortBy_Ratings_Desc" duration-ms="32290" started-at="2019-07-15T22:18:22Z" description="Top Rated Movies Sort By Ratings Desc order" finished-at="2019-07-15T22:18:55Z">
          <exception class="java.lang.AssertionError">
            <message>
              <![CDATA[<b>After sorting data not as expected</b> expected [true] but found [false]]]>
            </message>
            <full-stacktrace>
              <![CDATA[java.lang.AssertionError: <b>After sorting data not as expected</b> expected [true] but found [false]
	at org.testng.Assert.fail(Assert.java:94)
	at org.testng.Assert.failNotEquals(Assert.java:513)
	at org.testng.Assert.assertTrue(Assert.java:42)
	at Utility.ListsMethods.AssertionsForListsComparison(ListsMethods.java:213)
	at Tests.Top_Rated_Movies_Sorting_Tests.Top_Rated_Movies_SortBy_Ratings_Desc(Top_Rated_Movies_Sorting_Tests.java:57)
	at sun.reflect.NativeMethodAccessorImpl.invoke0(Native Method)
	at sun.reflect.NativeMethodAccessorImpl.invoke(NativeMethodAccessorImpl.java:62)
	at sun.reflect.DelegatingMethodAccessorImpl.invoke(DelegatingMethodAccessorImpl.java:43)
	at java.lang.reflect.Method.invoke(Method.java:498)
	at org.testng.internal.MethodInvocationHelper.invokeMethod(MethodInvocationHelper.java:104)
	at org.testng.internal.Invoker.invokeMethod(Invoker.java:645)
	at org.testng.internal.Invoker.invokeTestMethod(Invoker.java:851)
	at org.testng.internal.Invoker.invokeTestMethods(Invoker.java:1177)
	at org.testng.internal.TestMethodWorker.invokeTestMethods(TestMethodWorker.java:129)
	at org.testng.internal.TestMethodWorker.run(TestMethodWorker.java:112)
	at org.testng.TestRunner.privateRun(TestRunner.java:756)
	at org.testng.TestRunner.run(TestRunner.java:610)
	at org.testng.SuiteRunner.runTest(SuiteRunner.java:387)
	at org.testng.SuiteRunner.runSequentially(SuiteRunner.java:382)
	at org.testng.SuiteRunner.privateRun(SuiteRunner.java:340)
	at org.testng.SuiteRunner.run(SuiteRunner.java:289)
	at org.testng.SuiteRunnerWorker.runSuite(SuiteRunnerWorker.java:52)
	at org.testng.SuiteRunnerWorker.run(SuiteRunnerWorker.java:86)
	at org.testng.TestNG.runSuitesSequentially(TestNG.java:1293)
	at org.testng.TestNG.runSuitesLocally(TestNG.java:1218)
	at org.testng.TestNG.runSuites(TestNG.java:1133)
	at org.testng.TestNG.run(TestNG.java:1104)
	at org.apache.maven.surefire.testng.TestNGExecutor.run(TestNGExecutor.java:282)
	at org.apache.maven.surefire.testng.TestNGXmlTestSuite.execute(TestNGXmlTestSuite.java:83)
	at org.apache.maven.surefire.testng.TestNGProvider.invoke(TestNGProvider.java:114)
	at org.apache.maven.surefire.booter.ForkedBooter.invokeProviderInSameClassLoader(ForkedBooter.java:286)
	at org.apache.maven.surefire.booter.ForkedBooter.runSuitesInProcess(ForkedBooter.java:240)
	at org.apache.maven.surefire.booter.ForkedBooter.main(ForkedBooter.java:121)
]]>
            </full-stacktrace>
          </exception> <!-- java.lang.AssertionError -->
          <reporter-output>
          </reporter-output>
        </test-method> <!-- Top_Rated_Movies_SortBy_Ratings_Desc -->
        <test-method status="PASS" signature="beforeMethod(java.lang.reflect.Method)[pri:0, instance:Tests.Top_Rated_Movies_Sorting_Tests@1329eff]" name="beforeMethod" is-config="true" duration-ms="0" started-at="2019-07-15T22:18:22Z" finished-at="2019-07-15T22:18:22Z">
          <params>
            <param index="0">
              <value>
                <![CDATA[public void Tests.Top_Rated_Movies_Sorting_Tests.Top_Rated_Movies_SortBy_Ratings_Desc()]]>
              </value>
            </param>
          </params>
          <reporter-output>
          </reporter-output>
        </test-method> <!-- beforeMethod -->
        <test-method status="PASS" signature="afterMethod(org.testng.ITestResult)[pri:0, instance:Tests.Top_Rated_Movies_Sorting_Tests@1329eff]" name="afterMethod" is-config="true" duration-ms="89" started-at="2019-07-15T22:18:55Z" finished-at="2019-07-15T22:18:55Z">
          <params>
            <param index="0">
              <value>
                <![CDATA[[TestResult name=Top_Rated_Movies_SortBy_Ratings_Desc status=FAILURE method=Top_Rated_Movies_Sorting_Tests.Top_Rated_Movies_SortBy_Ratings_Desc()[pri:0, instance:Tests.Top_Rated_Movies_Sorting_Tests@1329eff] output={null}]]]>
              </value>
            </param>
          </params>
          <reporter-output>
          </reporter-output>
        </test-method> <!-- afterMethod -->
        <test-method status="PASS" signature="afterSuite()[pri:0, instance:Tests.Top_Rated_Movies_Sorting_Tests@1329eff]" name="afterSuite" is-config="true" duration-ms="2253" started-at="2019-07-15T22:18:55Z" finished-at="2019-07-15T22:18:57Z">
          <reporter-output>
          </reporter-output>
        </test-method> <!-- afterSuite -->
      </class> <!-- Tests.Top_Rated_Movies_Sorting_Tests -->
    </test> <!-- IMDB Tests -->
  </suite> <!-- Suite -->
</testng-results>
