<?xml version="1.0" encoding="UTF-8"?>
<testsuite xmlns:xsi="http://www.w3.org/2001/XMLSchema-instance" xsi:schemaLocation="https://maven.apache.org/surefire/maven-surefire-plugin/xsd/surefire-test-report.xsd" name="TestSuite" time="317.437" tests="8" errors="0" skipped="0" failures="6">
  <properties>
    <property name="java.runtime.name" value="Java(TM) SE Runtime Environment"/>
    <property name="sun.boot.library.path" value="C:\Program Files (x86)\Java\jdk1.8.0_91\jre\bin"/>
    <property name="java.vm.version" value="25.91-b14"/>
    <property name="java.vm.vendor" value="Oracle Corporation"/>
    <property name="maven.multiModuleProjectDirectory" value="C:\Users\mgupta62\workspace\FirstQATest"/>
    <property name="java.vendor.url" value="http://java.oracle.com/"/>
    <property name="path.separator" value=";"/>
    <property name="guice.disable.misplaced.annotation.check" value="true"/>
    <property name="java.vm.name" value="Java HotSpot(TM) Client VM"/>
    <property name="file.encoding.pkg" value="sun.io"/>
    <property name="user.script" value=""/>
    <property name="user.country" value="US"/>
    <property name="sun.java.launcher" value="SUN_STANDARD"/>
    <property name="sun.os.patch.level" value=""/>
    <property name="java.vm.specification.name" value="Java Virtual Machine Specification"/>
    <property name="user.dir" value="C:\Users\mgupta62\workspace\FirstQATest"/>
    <property name="java.runtime.version" value="1.8.0_91-b14"/>
    <property name="java.awt.graphicsenv" value="sun.awt.Win32GraphicsEnvironment"/>
    <property name="java.endorsed.dirs" value="C:\Program Files (x86)\Java\jdk1.8.0_91\jre\lib\endorsed"/>
    <property name="os.arch" value="x86"/>
    <property name="java.io.tmpdir" value="C:\Users\mgupta62\AppData\Local\Temp\"/>
    <property name="line.separator" value="&#10;"/>
    <property name="java.vm.specification.vendor" value="Oracle Corporation"/>
    <property name="user.variant" value=""/>
    <property name="os.name" value="Windows 10"/>
    <property name="classworlds.conf" value="C:\Program Files (x86)\Maven\apache-maven-3.3.9\bin\m2.conf"/>
    <property name="sun.jnu.encoding" value="Cp1252"/>
    <property name="java.library.path" value="C:\Program Files (x86)\Java\jdk1.8.0_91\bin;C:\WINDOWS\Sun\Java\bin;C:\WINDOWS\system32;C:\WINDOWS;C:\Program Files (x86)\Intel\Intel(R) Management Engine Components\iCLS\;C:\Program Files\Intel\Intel(R) Management Engine Components\iCLS\;C:\Program Files (x86)\Common Files\Oracle\Java\javapath;C:\Program Files (x86)\Java\jdk1.8.0_91\bin;C:\WINDOWS\system32;C:\WINDOWS;C:\WINDOWS\System32\Wbem;C:\WINDOWS\System32\WindowsPowerShell\v1.0\;C:\windows\des_tools;C:\WINDOWS\System32\WindowsPowerShell\v1.0\;C:\Program Files (x86)\Maven\apache-maven-3.3.9\bin;C:\Program Files\nodejs\;C:\Program Files (x86)\WebEx\Productivity Tools;C:\Program Files\Git\cmd;C:\Program Files\TortoiseGit\bin;C:\Program Files (x86)\Sennheiser\SoftphoneSDK\;C:\Program Files (x86)\Microsoft SQL Server\Client SDK\ODBC\130\Tools\Binn\;C:\Program Files (x86)\Microsoft SQL Server\140\Tools\Binn\;C:\Program Files (x86)\Microsoft SQL Server\140\DTS\Binn\;C:\Program Files (x86)\Microsoft SQL Server\140\Tools\Binn\ManagementStudio\;C:\Program Files\Microsoft VS Code\bin;C:\Program Files (x86)\Redhat\OpenShift\3.7;C:\testng;C:\Program Files (x86)\Webex\Webex\Applications;C:\WINDOWS\System32\OpenSSH\;C:\Program Files (x86)\Intel\Intel(R) Management Engine Components\DAL;C:\Program Files\Intel\Intel(R) Management Engine Components\DAL;C:\Program Files (x86)\Intel\Intel(R) Management Engine Components\IPT;C:\Program Files\Intel\Intel(R) Management Engine Components\IPT;C:\Program Files\Intel\WiFi\bin\;C:\Program Files\Common Files\Intel\WirelessCommon\;C:\Python36x64;C:\Python36x64\python.exe;C:\Python36x64\Scripts;C:\Python36x64\Scripts\pip.exe;C:\Users\mgupta62\AppData\Roaming\npm;%USERPROFILE%\AppData\Local\Microsoft\WindowsApps;."/>
    <property name="java.specification.name" value="Java Platform API Specification"/>
    <property name="java.class.version" value="52.0"/>
    <property name="sun.management.compiler" value="HotSpot Client Compiler"/>
    <property name="os.version" value="10.0"/>
    <property name="surefire.suiteXmlFiles" value="testng.xml"/>
    <property name="user.home" value="C:\Users\mgupta62"/>
    <property name="user.timezone" value="Asia/Calcutta"/>
    <property name="java.awt.printerjob" value="sun.awt.windows.WPrinterJob"/>
    <property name="java.specification.version" value="1.8"/>
    <property name="file.encoding" value="Cp1252"/>
    <property name="user.name" value="mgupta62"/>
    <property name="java.class.path" value="C:\Program Files (x86)\Maven\apache-maven-3.3.9\boot\plexus-classworlds-2.5.2.jar"/>
    <property name="java.vm.specification.version" value="1.8"/>
    <property name="sun.arch.data.model" value="32"/>
    <property name="java.home" value="C:\Program Files (x86)\Java\jdk1.8.0_91\jre"/>
    <property name="sun.java.command" value="org.codehaus.plexus.classworlds.launcher.Launcher clean test -Dsurefire.suiteXmlFiles=testng.xml"/>
    <property name="java.specification.vendor" value="Oracle Corporation"/>
    <property name="user.language" value="en"/>
    <property name="awt.toolkit" value="sun.awt.windows.WToolkit"/>
    <property name="java.vm.info" value="mixed mode, sharing"/>
    <property name="java.version" value="1.8.0_91"/>
    <property name="java.ext.dirs" value="C:\Program Files (x86)\Java\jdk1.8.0_91\jre\lib\ext;C:\WINDOWS\Sun\Java\lib\ext"/>
    <property name="sun.boot.class.path" value="C:\Program Files (x86)\Java\jdk1.8.0_91\jre\lib\resources.jar;C:\Program Files (x86)\Java\jdk1.8.0_91\jre\lib\rt.jar;C:\Program Files (x86)\Java\jdk1.8.0_91\jre\lib\sunrsasign.jar;C:\Program Files (x86)\Java\jdk1.8.0_91\jre\lib\jsse.jar;C:\Program Files (x86)\Java\jdk1.8.0_91\jre\lib\jce.jar;C:\Program Files (x86)\Java\jdk1.8.0_91\jre\lib\charsets.jar;C:\Program Files (x86)\Java\jdk1.8.0_91\jre\lib\jfr.jar;C:\Program Files (x86)\Java\jdk1.8.0_91\jre\classes"/>
    <property name="sun.stderr.encoding" value="cp437"/>
    <property name="java.vendor" value="Sun Microsystems Inc."/>
    <property name="maven.home" value="C:\Program Files (x86)\Maven\apache-maven-3.3.9"/>
    <property name="file.separator" value="\"/>
    <property name="java.vendor.url.bug" value="http://bugreport.sun.com/bugreport/"/>
    <property name="sun.cpu.endian" value="little"/>
    <property name="sun.io.unicode.encoding" value="UnicodeLittle"/>
    <property name="sun.stdout.encoding" value="cp437"/>
    <property name="sun.desktop" value="windows"/>
    <property name="sun.cpu.isalist" value="pentium_pro+mmx pentium_pro pentium+mmx pentium i486 i386 i86"/>
  </properties>
  <testcase name="Top_Rated_Movies_SortBy_Date_Asc" classname="Tests.Top_Rated_Movies_Sorting_Tests" time="33.555">
    <failure message="&lt;b&gt;After sorting data not as expected&lt;/b&gt; expected [true] but found [false]" type="java.lang.AssertionError"><![CDATA[java.lang.AssertionError: <b>After sorting data not as expected</b> expected [true] but found [false]
	at Tests.Top_Rated_Movies_Sorting_Tests.Top_Rated_Movies_SortBy_Date_Asc(Top_Rated_Movies_Sorting_Tests.java:65)
]]></failure>
    <system-out><![CDATA[Element still not visible
Top Rated Movies Sort By Release Date Asc order
249
Screen shot taken
]]></system-out>
    <system-err><![CDATA[Starting ChromeDriver 2.40.565498 (ea082db3280dd6843ebfb08a625e3eb905c4f5ab) on port 31679
Only local connections are allowed.
Jul 15, 2019 10:13:52 PM org.openqa.selenium.remote.ProtocolHandshake createSession
INFO: Detected dialect: OSS
]]></system-err>
  </testcase>
  <testcase name="Top_Rated_Movies_SortBy_Date_Desc" classname="Tests.Top_Rated_Movies_Sorting_Tests" time="31.68">
    <failure message="&lt;b&gt;After sorting data not as expected&lt;/b&gt; expected [true] but found [false]" type="java.lang.AssertionError"><![CDATA[java.lang.AssertionError: <b>After sorting data not as expected</b> expected [true] but found [false]
	at Tests.Top_Rated_Movies_Sorting_Tests.Top_Rated_Movies_SortBy_Date_Desc(Top_Rated_Movies_Sorting_Tests.java:73)
]]></failure>
    <system-out><![CDATA[Top Rated Movies Sort By Release Date Desc order
249
Screen shot taken
]]></system-out>
  </testcase>
  <testcase name="Top_Rated_Movies_SortBy_Number_Of_Ratings_Asc" classname="Tests.Top_Rated_Movies_Sorting_Tests" time="31.707">
    <failure message="&lt;b&gt;After sorting data not as expected&lt;/b&gt; expected [true] but found [false]" type="java.lang.AssertionError"><![CDATA[java.lang.AssertionError: <b>After sorting data not as expected</b> expected [true] but found [false]
	at Tests.Top_Rated_Movies_Sorting_Tests.Top_Rated_Movies_SortBy_Number_Of_Ratings_Asc(Top_Rated_Movies_Sorting_Tests.java:31)
]]></failure>
    <system-out><![CDATA[Top Rated Movies Sort By Number Of Ratings Asc order
250
Screen shot taken
]]></system-out>
  </testcase>
  <testcase name="Top_Rated_Movies_SortBy_Number_Of_Ratings_Desc" classname="Tests.Top_Rated_Movies_Sorting_Tests" time="31.527">
    <failure message="&lt;b&gt;After sorting data not as expected&lt;/b&gt; expected [true] but found [false]" type="java.lang.AssertionError"><![CDATA[java.lang.AssertionError: <b>After sorting data not as expected</b> expected [true] but found [false]
	at Tests.Top_Rated_Movies_Sorting_Tests.Top_Rated_Movies_SortBy_Number_Of_Ratings_Desc(Top_Rated_Movies_Sorting_Tests.java:41)
]]></failure>
    <system-out><![CDATA[Top Rated Movies Sort By Number Of Ratings Desc order
250
Screen shot taken
]]></system-out>
  </testcase>
  <testcase name="Top_Rated_Movies_SortBy_Rank_Asc" classname="Tests.Top_Rated_Movies_Sorting_Tests" time="32.026"/>
  <testcase name="Top_Rated_Movies_SortBy_Rank_Desc" classname="Tests.Top_Rated_Movies_Sorting_Tests" time="31.299"/>
  <testcase name="Top_Rated_Movies_SortBy_Ratings_Asc" classname="Tests.Top_Rated_Movies_Sorting_Tests" time="32.288">
    <failure message="&lt;b&gt;After sorting data not as expected&lt;/b&gt; expected [true] but found [false]" type="java.lang.AssertionError"><![CDATA[java.lang.AssertionError: <b>After sorting data not as expected</b> expected [true] but found [false]
	at Tests.Top_Rated_Movies_Sorting_Tests.Top_Rated_Movies_SortBy_Ratings_Asc(Top_Rated_Movies_Sorting_Tests.java:49)
]]></failure>
    <system-out><![CDATA[Top Rated Movies Sort By Ratings Asc order
210
Screen shot taken
]]></system-out>
  </testcase>
  <testcase name="Top_Rated_Movies_SortBy_Ratings_Desc" classname="Tests.Top_Rated_Movies_Sorting_Tests" time="32.291">
    <failure message="&lt;b&gt;After sorting data not as expected&lt;/b&gt; expected [true] but found [false]" type="java.lang.AssertionError"><![CDATA[java.lang.AssertionError: <b>After sorting data not as expected</b> expected [true] but found [false]
	at Tests.Top_Rated_Movies_Sorting_Tests.Top_Rated_Movies_SortBy_Ratings_Desc(Top_Rated_Movies_Sorting_Tests.java:57)
]]></failure>
    <system-out><![CDATA[Top Rated Movies Sort By Ratings Desc order
250
Screen shot taken
]]></system-out>
  </testcase>
</testsuite>