<?xml version="1.0" encoding="UTF-8"?>
<!-- Generated by org.testng.reporters.JUnitReportReporter -->
<testsuite name="Tests.Top_Rated_Movies_Sorting_Tests" tests="9" time="0.000" ignored="0" failures="0" timestamp="15 Jul 2019 16:28:07 GMT" skipped="8" hostname="LHTU05CG63650JX" errors="1">
  <testcase name="beforeMethod" time="0.000" classname="Tests.Top_Rated_Movies_Sorting_Tests">
    <error type="org.openqa.selenium.WebDriverException" message="chrome not reachable
  (Session info: chrome=75.0.3770.100)
  (Driver info: chromedriver=2.40.565498 (ea082db3280dd6843ebfb08a625e3eb905c4f5ab),platform=Windows NT 10.0.17134 x86_64) (WARNING: The server did not provide any stacktrace information)
Command duration or timeout: 2.22 seconds
Build info: version: &#039;3.1.0&#039;, revision: &#039;b94c902&#039;, time: &#039;2017-02-16 12:21:31 -0800&#039;
System info: host: &#039;LHTU05CG63650JX&#039;, ip: &#039;10.195.230.57&#039;, os.name: &#039;Windows 10&#039;, os.arch: &#039;x86&#039;, os.version: &#039;10.0&#039;, java.version: &#039;1.8.0_102&#039;
Driver info: org.openqa.selenium.chrome.ChromeDriver
Capabilities [{applicationCacheEnabled=false, rotatable=false, mobileEmulationEnabled=false, networkConnectionEnabled=false, chrome={chromedriverVersion=2.40.565498 (ea082db3280dd6843ebfb08a625e3eb905c4f5ab), userDataDir=C:\Users\mgupta62\AppData\Local\Temp\scoped_dir21464_26539}, takesHeapSnapshot=true, pageLoadStrategy=normal, databaseEnabled=false, handlesAlerts=true, hasTouchScreen=false, version=75.0.3770.100, platform=XP, browserConnectionEnabled=false, nativeEvents=true, acceptSslCerts=false, acceptInsecureCerts=false, locationContextEnabled=true, webStorageEnabled=true, browserName=chrome, takesScreenshot=true, javascriptEnabled=true, cssSelectorsEnabled=true, setWindowRect=true, unexpectedAlertBehaviour=}]
Session ID: 7fba8ca9720c92cb799ecb3008991aed
*** Element info: {Using=id, value=lister-sort-by-options}">
      <![CDATA[org.openqa.selenium.WebDriverException: chrome not reachable
  (Session info: chrome=75.0.3770.100)
  (Driver info: chromedriver=2.40.565498 (ea082db3280dd6843ebfb08a625e3eb905c4f5ab),platform=Windows NT 10.0.17134 x86_64) (WARNING: The server did not provide any stacktrace information)
Command duration or timeout: 2.22 seconds
Build info: version: '3.1.0', revision: 'b94c902', time: '2017-02-16 12:21:31 -0800'
System info: host: 'LHTU05CG63650JX', ip: '10.195.230.57', os.name: 'Windows 10', os.arch: 'x86', os.version: '10.0', java.version: '1.8.0_102'
Driver info: org.openqa.selenium.chrome.ChromeDriver
Capabilities [{applicationCacheEnabled=false, rotatable=false, mobileEmulationEnabled=false, networkConnectionEnabled=false, chrome={chromedriverVersion=2.40.565498 (ea082db3280dd6843ebfb08a625e3eb905c4f5ab), userDataDir=C:\Users\mgupta62\AppData\Local\Temp\scoped_dir21464_26539}, takesHeapSnapshot=true, pageLoadStrategy=normal, databaseEnabled=false, handlesAlerts=true, hasTouchScreen=false, version=75.0.3770.100, platform=XP, browserConnectionEnabled=false, nativeEvents=true, acceptSslCerts=false, acceptInsecureCerts=false, locationContextEnabled=true, webStorageEnabled=true, browserName=chrome, takesScreenshot=true, javascriptEnabled=true, cssSelectorsEnabled=true, setWindowRect=true, unexpectedAlertBehaviour=}]
Session ID: 7fba8ca9720c92cb799ecb3008991aed
*** Element info: {Using=id, value=lister-sort-by-options}
	at sun.reflect.NativeConstructorAccessorImpl.newInstance0(Native Method)
	at sun.reflect.NativeConstructorAccessorImpl.newInstance(NativeConstructorAccessorImpl.java:62)
	at sun.reflect.DelegatingConstructorAccessorImpl.newInstance(DelegatingConstructorAccessorImpl.java:45)
	at java.lang.reflect.Constructor.newInstance(Constructor.java:423)
	at org.openqa.selenium.remote.ErrorHandler.createThrowable(ErrorHandler.java:216)
	at org.openqa.selenium.remote.ErrorHandler.throwIfResponseFailed(ErrorHandler.java:168)
	at org.openqa.selenium.remote.RemoteWebDriver.execute(RemoteWebDriver.java:635)
	at org.openqa.selenium.remote.RemoteWebDriver.findElement(RemoteWebDriver.java:368)
	at org.openqa.selenium.remote.RemoteWebDriver.findElementById(RemoteWebDriver.java:417)
	at org.openqa.selenium.By$ById.findElement(By.java:218)
	at org.openqa.selenium.remote.RemoteWebDriver.findElement(RemoteWebDriver.java:360)
	at org.openqa.selenium.support.pagefactory.DefaultElementLocator.findElement(DefaultElementLocator.java:69)
	at org.openqa.selenium.support.pagefactory.internal.LocatingElementHandler.invoke(LocatingElementHandler.java:38)
	at com.sun.proxy.$Proxy10.isDisplayed(Unknown Source)
	at PageObjects.TopRatedMoviesPage.isAt(TopRatedMoviesPage.java:42)
	at Tests.BaseTest.init(BaseTest.java:43)
	at Tests.BaseTest.beforeMethod(BaseTest.java:64)
	at sun.reflect.NativeMethodAccessorImpl.invoke0(Native Method)
	at sun.reflect.NativeMethodAccessorImpl.invoke(NativeMethodAccessorImpl.java:62)
	at sun.reflect.DelegatingMethodAccessorImpl.invoke(DelegatingMethodAccessorImpl.java:43)
	at java.lang.reflect.Method.invoke(Method.java:498)
	at org.testng.internal.MethodInvocationHelper.invokeMethod(MethodInvocationHelper.java:104)
	at org.testng.internal.Invoker.invokeConfigurationMethod(Invoker.java:515)
	at org.testng.internal.Invoker.invokeConfigurations(Invoker.java:217)
	at org.testng.internal.Invoker.invokeMethod(Invoker.java:590)
	at org.testng.internal.Invoker.invokeTestMethod(Invoker.java:851)
	at org.testng.internal.Invoker.invokeTestMethods(Invoker.java:1177)
	at org.testng.internal.TestMethodWorker.invokeTestMethods(TestMethodWorker.java:129)
	at org.testng.internal.TestMethodWorker.run(TestMethodWorker.java:112)
	at org.testng.TestRunner.privateRun(TestRunner.java:756)
	at org.testng.TestRunner.run(TestRunner.java:610)
	at org.testng.SuiteRunner.runTest(SuiteRunner.java:387)
	at org.testng.SuiteRunner.runSequentially(SuiteRunner.java:382)
	at org.testng.SuiteRunner.privateRun(SuiteRunner.java:340)
	at org.testng.SuiteRunner.run(SuiteRunner.java:289)
	at org.testng.SuiteRunnerWorker.runSuite(SuiteRunnerWorker.java:52)
	at org.testng.SuiteRunnerWorker.run(SuiteRunnerWorker.java:86)
	at org.testng.TestNG.runSuitesSequentially(TestNG.java:1293)
	at org.testng.TestNG.runSuitesLocally(TestNG.java:1218)
	at org.testng.TestNG.runSuites(TestNG.java:1133)
	at org.testng.TestNG.run(TestNG.java:1104)
	at org.testng.remote.AbstractRemoteTestNG.run(AbstractRemoteTestNG.java:115)
	at org.testng.remote.RemoteTestNG.initAndRun(RemoteTestNG.java:251)
	at org.testng.remote.RemoteTestNG.main(RemoteTestNG.java:77)
]]>
    </error>
  </testcase> <!-- beforeMethod -->
  <testcase name="Top_Rated_Movies_SortBy_Rank_Desc" time="0.000" classname="Tests.Top_Rated_Movies_Sorting_Tests">
    <skipped/>
  </testcase> <!-- Top_Rated_Movies_SortBy_Rank_Desc -->
  <testcase name="Top_Rated_Movies_SortBy_Number_Of_Ratings_Desc" time="0.000" classname="Tests.Top_Rated_Movies_Sorting_Tests">
    <skipped/>
  </testcase> <!-- Top_Rated_Movies_SortBy_Number_Of_Ratings_Desc -->
  <testcase name="Top_Rated_Movies_SortBy_Date_Asc" time="0.000" classname="Tests.Top_Rated_Movies_Sorting_Tests">
    <skipped/>
  </testcase> <!-- Top_Rated_Movies_SortBy_Date_Asc -->
  <testcase name="Top_Rated_Movies_SortBy_Rank_Asc" time="0.000" classname="Tests.Top_Rated_Movies_Sorting_Tests">
    <skipped/>
  </testcase> <!-- Top_Rated_Movies_SortBy_Rank_Asc -->
  <testcase name="Top_Rated_Movies_SortBy_Date_Desc" time="0.000" classname="Tests.Top_Rated_Movies_Sorting_Tests">
    <skipped/>
  </testcase> <!-- Top_Rated_Movies_SortBy_Date_Desc -->
  <testcase name="Top_Rated_Movies_SortBy_Number_Of_Ratings_Asc" time="0.000" classname="Tests.Top_Rated_Movies_Sorting_Tests">
    <skipped/>
  </testcase> <!-- Top_Rated_Movies_SortBy_Number_Of_Ratings_Asc -->
  <testcase name="Top_Rated_Movies_SortBy_Ratings_Asc" time="0.000" classname="Tests.Top_Rated_Movies_Sorting_Tests">
    <skipped/>
  </testcase> <!-- Top_Rated_Movies_SortBy_Ratings_Asc -->
  <testcase name="Top_Rated_Movies_SortBy_Ratings_Desc" time="0.000" classname="Tests.Top_Rated_Movies_Sorting_Tests">
    <skipped/>
  </testcase> <!-- Top_Rated_Movies_SortBy_Ratings_Desc -->
</testsuite> <!-- Tests.Top_Rated_Movies_Sorting_Tests -->
